[2020/11/06 03:41:15] Win Streak 5 Lose Streak 10 | Balance 156.83533309 Profit 3.37068567
[2020/11/06 17:36:59] Win Streak 0 Lose Streak 0 | Balance 1002.42225451 Profit 0.0
[2020/11/06 17:39:41] Win Streak 6 Lose Streak 7 | Balance 16.09287501 Profit 0.02391733
[2020/11/06 17:48:38] Win Streak 5 Lose Streak 6 | Balance 16.11313529 Profit 0.02002728
[2020/11/06 17:50:56] Win Streak 5 Lose Streak 6 | Balance 16.11677842 Profit 0.00374313
[2020/11/06 17:57:12] Win Streak 0 Lose Streak 0 | Balance 16.11692075 Profit 0.0
[2020/11/06 17:58:16] Win Streak 2 Lose Streak 2 | Balance 16.11720957 Profit 0.00024921
[2020/11/06 18:00:12] Win Streak 5 Lose Streak 5 | Balance 16.11728882 Profit 9.625e-05
[2020/11/06 18:03:25] Win Streak 4 Lose Streak 1 | Balance 16.1173573 Profit 8.548e-05
[2020/11/06 18:04:36] Win Streak 4 Lose Streak 4 | Balance 16.11750339 Profit 0.00016309
[2020/11/06 18:05:29] Win Streak 3 Lose Streak 4 | Balance 16.11759139 Profit 0.000105
[2020/11/06 18:06:39] Win Streak 5 Lose Streak 3 | Balance 16.11775172 Profit 0.00017733
[2020/11/06 18:13:07] Win Streak 2 Lose Streak 2 | Balance 88.19772619 Profit 0.05667447
[2020/11/06 18:13:37] Win Streak 3 Lose Streak 3 | Balance 88.24559615 Profit 0.05786996
[2020/11/06 18:14:28] Win Streak 4 Lose Streak 4 | Balance 88.28844342 Profit 0.05284727
[2020/11/06 18:15:05] Win Streak 4 Lose Streak 6 | Balance 88.36566903 Profit 0.05392561
[2020/11/06 18:15:36] Win Streak 3 Lose Streak 3 | Balance 88.4136938 Profit 0.05802477
[2020/11/06 18:18:42] Win Streak 10 Lose Streak 8 | Balance 88.4719679 Profit 0.0682741
[2020/11/06 18:19:13] Win Streak 4 Lose Streak 3 | Balance 88.51371932 Profit 0.05175142
[2020/11/06 18:20:13] Win Streak 7 Lose Streak 8 | Balance 88.67819994 Profit 0.17448062
[2020/11/06 18:20:47] Win Streak 3 Lose Streak 10 | Balance 89.27235377 Profit 0.60415383
[2020/11/06 18:21:20] Win Streak 3 Lose Streak 3 | Balance 89.32555665 Profit 0.06320288
[2020/11/06 18:22:21] Win Streak 5 Lose Streak 8 | Balance 89.36933733 Profit 0.05378068
[2020/11/06 18:22:51] Win Streak 5 Lose Streak 1 | Balance 89.41420821 Profit 0.05487088
[2020/11/06 18:23:20] Win Streak 6 Lose Streak 1 | Balance 89.45454293 Profit 0.05033472
[2020/11/06 18:23:52] Win Streak 4 Lose Streak 4 | Balance 89.52875154 Profit 0.08420861
[2020/11/06 18:24:25] Win Streak 4 Lose Streak 4 | Balance 89.6054127 Profit 0.05336116
[2020/11/06 18:24:57] Win Streak 2 Lose Streak 2 | Balance 89.66032635 Profit 0.06491365
[2020/11/06 18:25:27] Win Streak 4 Lose Streak 2 | Balance 89.7396926 Profit 0.05606625
[2020/11/06 18:25:59] Win Streak 4 Lose Streak 3 | Balance 89.78621741 Profit 0.05652481
[2020/11/06 18:26:28] Win Streak 3 Lose Streak 1 | Balance 89.83499445 Profit 0.05877704
[2020/11/06 18:27:06] Win Streak 4 Lose Streak 5 | Balance 89.87987394 Profit 0.05487949
[2020/11/06 18:27:39] Win Streak 3 Lose Streak 4 | Balance 89.95418303 Profit 0.05100909
[2020/11/06 18:28:13] Win Streak 4 Lose Streak 3 | Balance 90.00280815 Profit 0.05862512
[2020/11/06 18:28:44] Win Streak 3 Lose Streak 2 | Balance 90.04940678 Profit 0.05659863
[2020/11/06 18:29:15] Win Streak 4 Lose Streak 3 | Balance 90.09205578 Profit 0.052649
[2020/11/06 18:29:45] Win Streak 4 Lose Streak 1 | Balance 90.13599029 Profit 0.05393451
[2020/11/06 18:30:16] Win Streak 4 Lose Streak 4 | Balance 90.2069172 Profit 0.08092691
[2020/11/06 18:30:56] Win Streak 5 Lose Streak 5 | Balance 90.28914752 Profit 0.05893032
[2020/11/06 18:31:39] Win Streak 2 Lose Streak 2 | Balance 90.36064173 Profit 0.08149421
[2020/11/06 18:32:14] Win Streak 4 Lose Streak 7 | Balance 90.40388084 Profit 0.05323911
[2020/11/06 18:32:43] Win Streak 5 Lose Streak 1 | Balance 90.48087879 Profit 0.05369795
[2020/11/06 18:33:18] Win Streak 4 Lose Streak 3 | Balance 90.55487811 Profit 0.05069932
[2020/11/06 18:33:50] Win Streak 3 Lose Streak 2 | Balance 90.60456303 Profit 0.05968492
[2020/11/06 18:34:20] Win Streak 6 Lose Streak 0 | Balance 90.64812766 Profit 0.05356463
[2020/11/06 18:34:57] Win Streak 3 Lose Streak 3 | Balance 90.72324894 Profit 0.05182128
[2020/11/06 18:35:28] Win Streak 3 Lose Streak 2 | Balance 90.82201285 Profit 0.07546391
[2020/11/06 18:35:58] Win Streak 6 Lose Streak 2 | Balance 90.86867604 Profit 0.05666319
[2020/11/06 18:36:27] Win Streak 3 Lose Streak 2 | Balance 90.91326395 Profit 0.05458791
[2020/11/06 18:36:57] Win Streak 3 Lose Streak 1 | Balance 90.9563693 Profit 0.05310535
[2020/11/06 18:40:49] Win Streak 13 Lose Streak 11 | Balance 93.26988722 Profit 2.32351792
[2020/11/06 18:41:23] Win Streak 3 Lose Streak 3 | Balance 93.32499872 Profit 0.0651115
[2020/11/06 18:42:22] Win Streak 3 Lose Streak 4 | Balance 93.5574383 Profit 0.24243958
[2020/11/06 18:43:14] Win Streak 4 Lose Streak 4 | Balance 93.59913463 Profit 0.05169633
[2020/11/06 18:46:16] Win Streak 2 Lose Streak 6 | Balance 93.95014849 Profit 0.36101386
[2020/11/06 18:46:49] Win Streak 2 Lose Streak 5 | Balance 94.27937828 Profit 0.33922979
[2020/11/06 18:47:21] Win Streak 2 Lose Streak 5 | Balance 94.33032659 Profit 0.06094831
[2020/11/06 18:48:14] Win Streak 5 Lose Streak 7 | Balance 94.37924528 Profit 0.05891869
[2020/11/06 18:59:27] Win Streak 6 Lose Streak 0 | Balance 14.46166344 Profit 0.05911816
[2020/11/06 18:59:58] Win Streak 5 Lose Streak 0 | Balance 14.503296 Profit 0.05163256
[2020/11/06 19:00:31] Win Streak 4 Lose Streak 1 | Balance 14.5472521 Profit 0.0539561
[2020/11/06 19:01:09] Win Streak 6 Lose Streak 5 | Balance 14.63060558 Profit 0.06005348
[2020/11/06 19:01:40] Win Streak 3 Lose Streak 1 | Balance 14.71277469 Profit 0.05886911
[2020/11/06 19:02:19] Win Streak 3 Lose Streak 3 | Balance 14.78874941 Profit 0.05267472
[2020/11/06 19:02:52] Win Streak 4 Lose Streak 4 | Balance 14.83610277 Profit 0.05735336
Withdraw 5.00000000
[2020/11/06 19:03:27] Win Streak 2 Lose Streak 4 | Balance 15.11023346 Profit 0.28413069
[2020/11/06 19:04:01] Win Streak 4 Lose Streak 4 | Balance 10.15479203 Profit 0.05455857
[2020/11/06 19:04:36] Win Streak 2 Lose Streak 3 | Balance 10.28724434 Profit 0.14245231
[2020/11/06 19:05:14] Win Streak 2 Lose Streak 4 | Balance 10.33403666 Profit 0.05679232
[2020/11/06 19:05:45] Win Streak 4 Lose Streak 3 | Balance 10.4145025 Profit 0.05716584
[2020/11/06 19:06:25] Win Streak 3 Lose Streak 5 | Balance 10.47195476 Profit 0.06745226
[2020/11/06 19:07:02] Win Streak 4 Lose Streak 3 | Balance 10.55371029 Profit 0.05845553
[2020/11/06 19:07:40] Win Streak 3 Lose Streak 5 | Balance 10.61514232 Profit 0.07143203
[2020/11/06 19:08:11] Win Streak 2 Lose Streak 3 | Balance 10.69531565 Profit 0.05687333
[2020/11/06 19:08:46] Win Streak 2 Lose Streak 2 | Balance 10.7521546 Profit 0.06683895
[2020/11/06 19:09:19] Win Streak 4 Lose Streak 1 | Balance 10.81088288 Profit 0.06872828
[2020/11/06 19:09:51] Win Streak 2 Lose Streak 5 | Balance 10.90970052 Profit 0.07551764
[2020/11/06 19:10:28] Win Streak 2 Lose Streak 5 | Balance 10.95528962 Profit 0.0555891
[2020/11/06 19:11:03] Win Streak 3 Lose Streak 3 | Balance 11.0176619 Profit 0.07237228
[2020/11/06 19:11:49] Win Streak 2 Lose Streak 6 | Balance 11.10769059 Profit 0.10002869
[2020/11/06 19:12:20] Win Streak 6 Lose Streak 3 | Balance 11.18935863 Profit 0.05836804
[2020/11/06 19:12:53] Win Streak 5 Lose Streak 1 | Balance 11.24146509 Profit 0.06210646
[2020/11/06 19:13:25] Win Streak 4 Lose Streak 2 | Balance 11.32471703 Profit 0.05995194
Withdraw 5.00000000
[2020/11/06 19:18:59] Win Streak 1 Lose Streak 0 | Balance 92.65848023 Profit 0.1007632
[2020/11/06 19:20:23] Win Streak 5 Lose Streak 1 | Balance 88.45011515 Profit 0.55863492
[2020/11/06 19:20:55] Win Streak 4 Lose Streak 3 | Balance 89.28319611 Profit 0.60008096
[2020/11/06 19:21:27] Win Streak 3 Lose Streak 3 | Balance 89.77121543 Profit 0.58801932
[2020/11/06 19:22:05] Win Streak 5 Lose Streak 5 | Balance 90.24861841 Profit 0.57740298
[2020/11/06 19:27:17] Win Streak 5 Lose Streak 2 | Balance 101.31878384 Profit 0.54832681
[2020/11/06 19:27:48] Win Streak 5 Lose Streak 1 | Balance 102.06794113 Profit 0.51615729
[2020/11/06 19:28:18] Win Streak 4 Lose Streak 2 | Balance 102.49784813 Profit 0.529907
[2020/11/06 19:28:50] Win Streak 3 Lose Streak 1 | Balance 103.14840117 Profit 0.75055304
[2020/11/06 19:29:30] Win Streak 3 Lose Streak 5 | Balance 104.73217492 Profit 1.35077375
[2020/11/06 20:05:45] Win Streak 5 Lose Streak 0 | Balance 105.13682322 Profit 0.5046483
[2020/11/06 20:06:21] Win Streak 3 Lose Streak 3 | Balance 105.59252012 Profit 0.5556969
[2020/11/06 20:43:23] Win Streak 3 Lose Streak 6 | Balance 106.34542174 Profit 0.51990162
[2020/11/06 20:43:59] Win Streak 4 Lose Streak 2 | Balance 106.76153538 Profit 0.51611364
[2020/11/06 20:44:33] Win Streak 2 Lose Streak 4 | Balance 107.34963288 Profit 0.6880975
[2020/11/06 20:45:06] Win Streak 3 Lose Streak 2 | Balance 107.85229794 Profit 0.60266506
[2020/11/06 20:45:37] Win Streak 4 Lose Streak 2 | Balance 108.72259821 Profit 0.63730027
[2020/11/06 20:46:25] Win Streak 4 Lose Streak 3 | Balance 109.60493043 Profit 0.64933222
[2020/11/06 20:46:58] Win Streak 3 Lose Streak 2 | Balance 110.02718137 Profit 0.52225094
[2020/11/06 20:47:30] Win Streak 2 Lose Streak 2 | Balance 110.43324749 Profit 0.50606612
[2020/11/06 20:48:00] Win Streak 6 Lose Streak 2 | Balance 110.86435792 Profit 0.53111043
[2020/11/06 20:48:30] Win Streak 3 Lose Streak 1 | Balance 111.26968834 Profit 0.50533042
[2020/11/06 20:49:00] Win Streak 3 Lose Streak 2 | Balance 112.02579283 Profit 0.52310449
[2020/11/06 20:49:30] Win Streak 4 Lose Streak 3 | Balance 112.5008496 Profit 0.57505677
[2020/11/06 20:50:03] Win Streak 3 Lose Streak 4 | Balance 113.34585376 Profit 0.61200416
[2020/11/06 20:50:33] Win Streak 5 Lose Streak 0 | Balance 113.85633946 Profit 0.6104857
[2020/11/06 20:51:09] Win Streak 3 Lose Streak 5 | Balance 114.6327284 Profit 0.54338894
[2020/11/06 20:51:43] Win Streak 3 Lose Streak 4 | Balance 115.18548792 Profit 0.65275952
[2020/11/06 20:52:12] Win Streak 4 Lose Streak 1 | Balance 115.60353276 Profit 0.51804484
[2020/11/06 20:52:45] Win Streak 4 Lose Streak 3 | Balance 116.17765217 Profit 0.67411941
[2020/11/06 20:55:20] Win Streak 4 Lose Streak 3 | Balance 116.69739978 Profit 0.61974761
[2020/11/06 20:55:53] Win Streak 2 Lose Streak 2 | Balance 117.16779168 Profit 0.5703919
[2020/11/06 20:56:24] Win Streak 3 Lose Streak 2 | Balance 117.64360226 Profit 0.57581058
[2020/11/06 20:56:57] Win Streak 3 Lose Streak 6 | Balance 118.05403714 Profit 0.51043488
[2020/11/06 20:57:31] Win Streak 5 Lose Streak 3 | Balance 118.56756989 Profit 0.61353275
[2020/11/06 20:58:24] Win Streak 5 Lose Streak 3 | Balance 119.37203721 Profit 0.57146732
[2020/11/06 20:58:57] Win Streak 3 Lose Streak 3 | Balance 120.17980505 Profit 0.57476784
[2020/11/06 20:59:29] Win Streak 3 Lose Streak 3 | Balance 120.59988576 Profit 0.52008071
[2020/11/06 21:00:02] Win Streak 1 Lose Streak 4 | Balance 122.458683 Profit 1.95879724
[2020/11/06 21:00:36] Win Streak 2 Lose Streak 2 | Balance 122.88596156 Profit 0.52727856
[2020/11/06 21:01:09] Win Streak 5 Lose Streak 2 | Balance 123.29711383 Profit 0.51115227
[2020/11/06 21:01:39] Win Streak 3 Lose Streak 1 | Balance 123.72839321 Profit 0.53127938
[2020/11/06 21:02:11] Win Streak 3 Lose Streak 3 | Balance 124.58215109 Profit 0.62075788
[2020/11/06 21:02:45] Win Streak 3 Lose Streak 3 | Balance 125.33248174 Profit 0.51733065
[2020/11/06 21:03:17] Win Streak 4 Lose Streak 2 | Balance 125.75720665 Profit 0.52472491
[2020/11/06 21:03:49] Win Streak 3 Lose Streak 4 | Balance 126.2006184 Profit 0.54341175
[2020/11/06 21:04:22] Win Streak 3 Lose Streak 3 | Balance 126.61351267 Profit 0.51289427
[2020/11/06 21:05:13] Win Streak 5 Lose Streak 8 | Balance 127.27673247 Profit 0.7632198
[2020/11/06 21:05:51] Win Streak 5 Lose Streak 5 | Balance 127.76914693 Profit 0.59241446
[2020/11/06 21:06:21] Win Streak 5 Lose Streak 0 | Balance 128.19770153 Profit 0.5285546
[2020/11/06 21:06:59] Win Streak 3 Lose Streak 3 | Balance 128.70504142 Profit 0.60733989
[2020/11/06 21:07:34] Win Streak 2 Lose Streak 4 | Balance 133.20634829 Profit 4.60130687
[2020/11/06 21:08:07] Win Streak 6 Lose Streak 3 | Balance 133.61793131 Profit 0.51158302
[2020/11/06 21:08:39] Win Streak 2 Lose Streak 4 | Balance 134.21878954 Profit 0.70085823
[2020/11/06 21:09:13] Win Streak 3 Lose Streak 3 | Balance 134.69420258 Profit 0.57541304
[2020/11/06 21:09:48] Win Streak 3 Lose Streak 3 | Balance 135.59812255 Profit 0.67091997
[2020/11/06 21:10:22] Win Streak 3 Lose Streak 2 | Balance 136.07998159 Profit 0.58185904
[2020/11/06 21:10:56] Win Streak 2 Lose Streak 4 | Balance 138.40695192 Profit 2.42697033
[2020/11/06 21:11:30] Win Streak 3 Lose Streak 3 | Balance 139.18413986 Profit 0.54418794
[2020/11/06 22:08:09] Win Streak 3 Lose Streak 5 | Balance 139.61822381 Profit 0.53408395
[2020/11/06 22:08:41] Win Streak 5 Lose Streak 3 | Balance 140.07266521 Profit 0.5544414
[2020/11/06 22:09:12] Win Streak 4 Lose Streak 2 | Balance 140.49991466 Profit 0.52724945
[2020/11/06 22:09:44] Win Streak 2 Lose Streak 5 | Balance 141.64461425 Profit 0.91169959
[2020/11/06 22:10:15] Win Streak 4 Lose Streak 2 | Balance 142.10069532 Profit 0.55608107
[2020/11/06 22:10:47] Win Streak 2 Lose Streak 2 | Balance 142.87328736 Profit 0.53959204
[2020/11/06 22:11:18] Win Streak 3 Lose Streak 2 | Balance 143.27532617 Profit 0.50203881
[2020/11/06 22:11:50] Win Streak 3 Lose Streak 3 | Balance 143.71394641 Profit 0.53862024
[2020/11/06 22:12:21] Win Streak 2 Lose Streak 4 | Balance 144.36838334 Profit 0.75443693
[2020/11/06 22:14:06] Win Streak 8 Lose Streak 10 | Balance 145.11206443 Profit 0.51068109
[2020/11/06 22:14:35] Win Streak 5 Lose Streak 0 | Balance 145.51507603 Profit 0.5030116
[2020/11/06 22:15:17] Win Streak 3 Lose Streak 7 | Balance 146.28617763 Profit 0.8711016
[2020/11/06 22:15:53] Win Streak 4 Lose Streak 3 | Balance 146.76743266 Profit 0.58125503
[2020/11/06 22:16:23] Win Streak 4 Lose Streak 2 | Balance 147.19955663 Profit 0.53212397
[2020/11/06 22:16:57] Win Streak 3 Lose Streak 3 | Balance 147.63254888 Profit 0.53299225
[2020/11/06 22:17:31] Win Streak 6 Lose Streak 3 | Balance 148.11413486 Profit 0.58158598
[2020/11/06 22:18:03] Win Streak 3 Lose Streak 1 | Balance 148.55888415 Profit 0.54474929
[2020/11/06 22:18:36] Win Streak 2 Lose Streak 2 | Balance 149.08900653 Profit 0.63012238
[2020/11/06 22:19:08] Win Streak 4 Lose Streak 2 | Balance 149.53994684 Profit 0.55094031
Withdraw 50.00000000
[2020/11/06 22:19:40] Win Streak 6 Lose Streak 3 | Balance 150.0518072 Profit 0.61186036
[2020/11/07 00:21:49] Win Streak 2 Lose Streak 2 | Balance 90.49800164 Profit 0.54619444
[2020/11/07 00:22:20] Win Streak 3 Lose Streak 1 | Balance 91.29259943 Profit 0.56159779
[2020/11/07 00:22:51] Win Streak 4 Lose Streak 3 | Balance 91.74862501 Profit 0.55602558
[2020/11/07 00:24:51] Win Streak 5 Lose Streak 1 | Balance 3.18137901 Profit 0.59011111
[2020/11/07 00:25:25] Win Streak 4 Lose Streak 2 | Balance 3.60390442 Profit 0.52252541
[2020/11/07 00:25:55] Win Streak 2 Lose Streak 2 | Balance 4.04598189 Profit 0.54207747
Withdraw 5.00000000
[2020/11/07 00:35:33] Win Streak 0 Lose Streak 1 | Balance 20.00952294 Profit -0.01
Withdraw 5.00000000
[2020/11/07 00:35:40] Win Streak 1 Lose Streak 0 | Balance 15.00985674 Profit 0.0103338
[2020/11/07 00:35:48] Win Streak 3 Lose Streak 2 | Balance 10.04993302 Profit 0.05007628
[2020/11/07 00:35:57] Win Streak 3 Lose Streak 3 | Balance 10.0932188 Profit 0.05328578
[2020/11/07 00:36:11] Win Streak 5 Lose Streak 4 | Balance 10.17339949 Profit 0.05688069
[2020/11/07 00:36:45] Win Streak 4 Lose Streak 4 | Balance 10.22461863 Profit 0.06121914
[2020/11/07 00:37:16] Win Streak 4 Lose Streak 3 | Balance 10.26890864 Profit 0.05429001
[2020/11/07 00:37:49] Win Streak 4 Lose Streak 4 | Balance 10.34923457 Profit 0.05702593
[2020/11/07 00:38:23] Win Streak 4 Lose Streak 3 | Balance 10.39819281 Profit 0.05895824
[2020/11/07 00:39:00] Win Streak 2 Lose Streak 5 | Balance 10.44604376 Profit 0.05785095
[2020/11/07 00:39:35] Win Streak 2 Lose Streak 6 | Balance 10.56660465 Profit 0.09726089
[2020/11/07 00:40:06] Win Streak 4 Lose Streak 1 | Balance 10.61377044 Profit 0.05716579
[2020/11/07 00:40:40] Win Streak 2 Lose Streak 2 | Balance 10.66725405 Profit 0.06348361
[2020/11/07 00:41:21] Win Streak 3 Lose Streak 2 | Balance 10.70888562 Profit 0.05163157
[2020/11/07 00:42:04] Win Streak 3 Lose Streak 5 | Balance 11.47445203 Profit 0.77556641
[2020/11/07 00:42:43] Win Streak 5 Lose Streak 5 | Balance 11.52435263 Profit 0.0599006
[2020/11/07 02:41:39] Win Streak 6 Lose Streak 1 | Balance 11.60433864 Profit 0.05668601
[2020/11/07 02:42:28] Win Streak 4 Lose Streak 4 | Balance 11.64713681 Profit 0.05279817
[2020/11/07 02:43:01] Win Streak 4 Lose Streak 1 | Balance 11.68971063 Profit 0.05257382
[2020/11/07 02:44:21] Win Streak 3 Lose Streak 2 | Balance 11.73870952 Profit 0.05899889
[2020/11/07 02:45:24] Win Streak 4 Lose Streak 2 | Balance 11.78513565 Profit 0.05642613
[2020/11/07 02:45:58] Win Streak 2 Lose Streak 4 | Balance 12.03777174 Profit 0.22933609
[2020/11/07 02:46:29] Win Streak 3 Lose Streak 4 | Balance 12.08476968 Profit 0.05699794
[2020/11/07 02:47:01] Win Streak 3 Lose Streak 4 | Balance 12.17176595 Profit 0.06369627
[2020/11/07 02:47:35] Win Streak 4 Lose Streak 4 | Balance 12.25083847 Profit 0.05577252
[2020/11/07 02:48:07] Win Streak 5 Lose Streak 4 | Balance 12.29446711 Profit 0.05362864
[2020/11/07 02:48:38] Win Streak 2 Lose Streak 2 | Balance 12.3356967 Profit 0.05122959
[2020/11/07 02:49:10] Win Streak 3 Lose Streak 2 | Balance 12.41452579 Profit 0.05552909
[2020/11/07 02:49:41] Win Streak 5 Lose Streak 2 | Balance 12.48860184 Profit 0.05077605
[2020/11/07 02:50:12] Win Streak 3 Lose Streak 1 | Balance 12.56631289 Profit 0.05441105
[2020/11/07 02:50:48] Win Streak 2 Lose Streak 3 | Balance 12.60650374 Profit 0.05019085
[2020/11/07 02:51:21] Win Streak 3 Lose Streak 3 | Balance 12.64999274 Profit 0.053489
[2020/11/07 02:51:52] Win Streak 2 Lose Streak 2 | Balance 12.69323243 Profit 0.05323969
[2020/11/07 02:52:25] Win Streak 6 Lose Streak 3 | Balance 12.78058133 Profit 0.0640489
[2020/11/07 02:52:55] Win Streak 5 Lose Streak 2 | Balance 12.85388755 Profit 0.05000622
[2020/11/07 02:53:24] Win Streak 6 Lose Streak 0 | Balance 12.89962084 Profit 0.05573329
[2020/11/07 02:53:57] Win Streak 2 Lose Streak 4 | Balance 12.95359015 Profit 0.06396931
[2020/11/07 02:54:28] Win Streak 5 Lose Streak 3 | Balance 13.03151726 Profit 0.05462711
[2020/11/07 02:55:02] Win Streak 2 Lose Streak 6 | Balance 13.19248985 Profit 0.17097259
[2020/11/07 02:55:38] Win Streak 2 Lose Streak 8 | Balance 13.50332843 Profit 0.28753858
[2020/11/07 02:56:10] Win Streak 3 Lose Streak 5 | Balance 13.58078208 Profit 0.05415365
[2020/11/07 02:56:41] Win Streak 3 Lose Streak 2 | Balance 13.62414347 Profit 0.05336139
[2020/11/07 02:57:18] Win Streak 2 Lose Streak 4 | Balance 13.67224182 Profit 0.05809835
[2020/11/07 02:57:48] Win Streak 5 Lose Streak 1 | Balance 13.72274732 Profit 0.0605055
[2020/11/07 02:59:06] Win Streak 4 Lose Streak 6 | Balance 13.76457819 Profit 0.05183087
[2020/11/07 03:00:44] Win Streak 9 Lose Streak 11 | Balance 13.80751175 Profit 0.05293356
[2020/11/07 03:01:22] Win Streak 5 Lose Streak 4 | Balance 13.89741436 Profit 0.06660261
[2020/11/07 03:01:56] Win Streak 3 Lose Streak 3 | Balance 13.95543044 Profit 0.06801608
[2020/11/07 03:03:07] Win Streak 3 Lose Streak 4 | Balance 3.72713269 Profit 0.051779
[2020/11/07 03:03:43] Win Streak 2 Lose Streak 3 | Balance 3.80925406 Profit 0.05882137
[2020/11/07 03:04:15] Win Streak 3 Lose Streak 1 | Balance 3.88835646 Profit 0.0558024
[2020/11/07 03:04:48] Win Streak 5 Lose Streak 5 | Balance 3.96273998 Profit 0.08438352
[2020/11/07 03:05:21] Win Streak 3 Lose Streak 5 | Balance 4.00714467 Profit 0.05440469
[2020/11/07 03:05:52] Win Streak 3 Lose Streak 5 | Balance 4.08524394 Profit 0.05479927
[2020/11/07 03:06:26] Win Streak 5 Lose Streak 3 | Balance 4.141465 Profit 0.06622106
[2020/11/07 03:06:56] Win Streak 4 Lose Streak 1 | Balance 4.19120598 Profit 0.05974098
[2020/11/07 03:07:27] Win Streak 3 Lose Streak 2 | Balance 4.23575695 Profit 0.05455097
[2020/11/07 03:08:01] Win Streak 3 Lose Streak 2 | Balance 4.33912985 Profit 0.0800729
[2020/11/07 03:08:43] Win Streak 6 Lose Streak 3 | Balance 4.38939361 Profit 0.06026376
[2020/11/07 03:09:16] Win Streak 4 Lose Streak 3 | Balance 4.43092012 Profit 0.05152651
[2020/11/07 03:09:47] Win Streak 4 Lose Streak 2 | Balance 4.48184845 Profit 0.06092833
[2020/11/07 03:10:18] Win Streak 3 Lose Streak 1 | Balance 4.52661145 Profit 0.054763
[2020/11/07 03:10:53] Win Streak 3 Lose Streak 4 | Balance 4.57039165 Profit 0.0537802
[2020/11/07 03:11:24] Win Streak 3 Lose Streak 2 | Balance 4.62006588 Profit 0.05967423
[2020/11/07 03:11:54] Win Streak 4 Lose Streak 2 | Balance 4.66025818 Profit 0.0501923
[2020/11/07 03:12:29] Win Streak 5 Lose Streak 3 | Balance 4.73895956 Profit 0.05540138
[2020/11/07 03:13:02] Win Streak 4 Lose Streak 3 | Balance 4.82193717 Profit 0.05967761
[2020/11/07 03:13:31] Win Streak 4 Lose Streak 1 | Balance 4.87387735 Profit 0.06194018
[2020/11/07 03:14:03] Win Streak 2 Lose Streak 3 | Balance 4.91662551 Profit 0.05274816
[2020/11/07 03:14:37] Win Streak 3 Lose Streak 3 | Balance 5.01957358 Profit 0.07964807
[2020/11/07 03:15:07] Win Streak 5 Lose Streak 2 | Balance 5.06189891 Profit 0.05232533
[2020/11/07 03:15:38] Win Streak 2 Lose Streak 3 | Balance 5.13688217 Profit 0.05168326
[2020/11/07 03:16:14] Win Streak 3 Lose Streak 3 | Balance 5.17792046 Profit 0.05103829
[2020/11/07 03:16:44] Win Streak 4 Lose Streak 1 | Balance 5.25983788 Profit 0.05861742
[2020/11/07 03:17:17] Win Streak 4 Lose Streak 2 | Balance 5.3010765 Profit 0.05123862
[2020/11/07 03:17:54] Win Streak 3 Lose Streak 4 | Balance 5.35582409 Profit 0.06474759
[2020/11/07 03:18:26] Win Streak 3 Lose Streak 2 | Balance 5.43369018 Profit 0.05456609
[2020/11/07 03:19:00] Win Streak 3 Lose Streak 4 | Balance 5.50945563 Profit 0.05246545
[2020/11/07 03:19:33] Win Streak 2 Lose Streak 4 | Balance 5.54993733 Profit 0.0504817
[2020/11/07 03:20:07] Win Streak 4 Lose Streak 3 | Balance 5.59801447 Profit 0.05807714
[2020/11/07 03:20:42] Win Streak 4 Lose Streak 5 | Balance 5.68248658 Profit 0.06117211
[2020/11/07 03:21:15] Win Streak 3 Lose Streak 2 | Balance 5.77313111 Profit 0.06734453
[2020/11/07 03:21:47] Win Streak 2 Lose Streak 6 | Balance 5.89510205 Profit 0.13197094
[2020/11/07 03:22:19] Win Streak 3 Lose Streak 3 | Balance 5.94274636 Profit 0.05764431
[2020/11/07 03:22:53] Win Streak 4 Lose Streak 4 | Balance 6.02061127 Profit 0.05456491
[2020/11/07 03:23:22] Win Streak 5 Lose Streak 0 | Balance 6.06584685 Profit 0.05523558
[2020/11/07 03:23:52] Win Streak 4 Lose Streak 1 | Balance 6.14218509 Profit 0.05303824
[2020/11/07 03:24:29] Win Streak 4 Lose Streak 5 | Balance 6.19339566 Profit 0.06121057
[2020/11/07 03:25:09] Win Streak 3 Lose Streak 3 | Balance 6.2708 Profit 0.05410434
[2020/11/07 03:25:41] Win Streak 3 Lose Streak 3 | Balance 6.34925788 Profit 0.05515788
[2020/11/07 03:26:15] Win Streak 3 Lose Streak 6 | Balance 6.39119855 Profit 0.05194067
[2020/11/07 03:27:11] Win Streak 8 Lose Streak 7 | Balance 6.46669964 Profit 0.05220109
[2020/11/07 03:27:42] Win Streak 4 Lose Streak 1 | Balance 6.50799765 Profit 0.05129801
[2020/11/07 03:28:15] Win Streak 4 Lose Streak 5 | Balance 6.55920429 Profit 0.06120664
[2020/11/07 03:28:50] Win Streak 5 Lose Streak 8 | Balance 6.64102095 Profit 0.05851666
[2020/11/07 03:29:24] Win Streak 3 Lose Streak 4 | Balance 6.68338366 Profit 0.05236271
[2020/11/07 03:29:54] Win Streak 3 Lose Streak 1 | Balance 6.72845066 Profit 0.055067
[2020/11/07 03:30:28] Win Streak 2 Lose Streak 2 | Balance 6.98437435 Profit 0.26592369
[2020/11/07 03:31:00] Win Streak 4 Lose Streak 2 | Balance 7.02746295 Profit 0.0530886
[2020/11/07 03:31:32] Win Streak 5 Lose Streak 2 | Balance 7.06806739 Profit 0.05060444
[2020/11/07 03:32:02] Win Streak 6 Lose Streak 0 | Balance 7.11325384 Profit 0.05518645
[2020/11/07 03:32:33] Win Streak 4 Lose Streak 3 | Balance 7.19165227 Profit 0.05509843
[2020/11/07 03:33:19] Win Streak 6 Lose Streak 5 | Balance 7.27607091 Profit 0.06111864
[2020/11/07 03:33:52] Win Streak 3 Lose Streak 2 | Balance 7.3195516 Profit 0.05348069
[2020/11/07 03:34:23] Win Streak 3 Lose Streak 2 | Balance 7.36001977 Profit 0.05046817
[2020/11/07 03:34:59] Win Streak 4 Lose Streak 4 | Balance 7.4032051 Profit 0.05318533
[2020/11/07 03:35:31] Win Streak 2 Lose Streak 4 | Balance 7.45035221 Profit 0.05714711
[2020/11/07 03:36:02] Win Streak 2 Lose Streak 3 | Balance 7.5322493 Profit 0.05859709
[2020/11/07 03:36:32] Win Streak 6 Lose Streak 1 | Balance 7.57314588 Profit 0.05089658
[2020/11/07 03:37:04] Win Streak 4 Lose Streak 2 | Balance 7.61562274 Profit 0.05247686
[2020/11/07 03:37:37] Win Streak 4 Lose Streak 2 | Balance 7.70518196 Profit 0.06625922
[2020/11/07 03:38:08] Win Streak 6 Lose Streak 2 | Balance 7.78523638 Profit 0.05675442
[2020/11/07 03:38:46] Win Streak 3 Lose Streak 6 | Balance 7.83800724 Profit 0.06277086
[2020/11/07 03:39:15] Win Streak 5 Lose Streak 0 | Balance 7.91360449 Profit 0.05229725
[2020/11/07 03:39:47] Win Streak 3 Lose Streak 5 | Balance 7.95775986 Profit 0.05415537
[2020/11/07 03:40:20] Win Streak 3 Lose Streak 2 | Balance 8.00659252 Profit 0.05883266
[2020/11/07 03:40:52] Win Streak 3 Lose Streak 4 | Balance 8.08212593 Profit 0.05223341
[2020/11/07 03:41:22] Win Streak 3 Lose Streak 1 | Balance 8.12383781 Profit 0.05171188
[2020/11/07 03:41:53] Win Streak 4 Lose Streak 1 | Balance 8.16699971 Profit 0.0531619
[2020/11/07 03:42:28] Win Streak 5 Lose Streak 4 | Balance 8.26764422 Profit 0.07734451
[2020/11/07 03:43:00] Win Streak 4 Lose Streak 3 | Balance 8.33820748 Profit 0.08056326
[2020/11/07 03:43:38] Win Streak 4 Lose Streak 4 | Balance 8.38310811 Profit 0.05490063
[2020/11/07 03:44:08] Win Streak 6 Lose Streak 2 | Balance 8.43409267 Profit 0.06098456
[2020/11/07 03:44:40] Win Streak 2 Lose Streak 5 | Balance 8.50396214 Profit 0.07986947
[2020/11/07 03:45:11] Win Streak 2 Lose Streak 4 | Balance 8.56588881 Profit 0.07192667
[2020/11/07 03:45:42] Win Streak 5 Lose Streak 1 | Balance 8.60820326 Profit 0.05231445
[2020/11/07 03:46:49] Win Streak 5 Lose Streak 4 | Balance 1.31979463 Profit 0.05800822
[2020/11/07 03:47:20] Win Streak 4 Lose Streak 2 | Balance 1.40463815 Profit 0.06154352
[2020/11/07 03:47:51] Win Streak 2 Lose Streak 1 | Balance 1.48120411 Profit 0.05326596
[2020/11/07 03:48:21] Win Streak 3 Lose Streak 2 | Balance 1.52530969 Profit 0.05410558
[2020/11/07 03:48:54] Win Streak 3 Lose Streak 3 | Balance 1.57783506 Profit 0.06252537
[2020/11/07 03:49:25] Win Streak 4 Lose Streak 4 | Balance 1.61835764 Profit 0.05052258
[2020/11/07 03:49:55] Win Streak 3 Lose Streak 1 | Balance 1.65851225 Profit 0.05015461
[2020/11/07 03:50:25] Win Streak 5 Lose Streak 1 | Balance 1.704904 Profit 0.05639175
[2020/11/07 03:50:58] Win Streak 3 Lose Streak 3 | Balance 1.80536409 Profit 0.11046009
[2020/11/07 03:51:30] Win Streak 3 Lose Streak 3 | Balance 1.8852348 Profit 0.05657071
[2020/11/07 03:52:04] Win Streak 2 Lose Streak 3 | Balance 1.93960438 Profit 0.06436958
[2020/11/07 03:52:34] Win Streak 4 Lose Streak 2 | Balance 1.98623923 Profit 0.05663485
[2020/11/07 03:53:07] Win Streak 3 Lose Streak 3 | Balance 2.0444932 Profit 0.06825397
[2020/11/07 03:53:45] Win Streak 2 Lose Streak 4 | Balance 2.0971211 Profit 0.0626279
[2020/11/07 03:54:15] Win Streak 5 Lose Streak 1 | Balance 2.13794954 Profit 0.05082844
[2020/11/07 03:54:46] Win Streak 3 Lose Streak 2 | Balance 2.18311157 Profit 0.05516203
[2020/11/07 03:55:18] Win Streak 4 Lose Streak 2 | Balance 2.25987213 Profit 0.05346056
[2020/11/07 03:55:49] Win Streak 2 Lose Streak 1 | Balance 2.30532048 Profit 0.05544835
[2020/11/07 03:56:21] Win Streak 4 Lose Streak 2 | Balance 2.34744777 Profit 0.05212729
[2020/11/07 03:56:56] Win Streak 3 Lose Streak 5 | Balance 2.39119546 Profit 0.05374769
[2020/11/07 03:57:29] Win Streak 3 Lose Streak 6 | Balance 2.43948573 Profit 0.05829027
[2020/11/07 03:58:05] Win Streak 4 Lose Streak 6 | Balance 2.48384252 Profit 0.05435679
[2020/11/07 03:58:39] Win Streak 3 Lose Streak 5 | Balance 2.83854876 Profit 0.36470624
[2020/11/07 03:59:10] Win Streak 3 Lose Streak 1 | Balance 2.91296247 Profit 0.05111371
[2020/11/07 03:59:41] Win Streak 3 Lose Streak 2 | Balance 2.96446137 Profit 0.0614989
[2020/11/07 04:00:20] Win Streak 4 Lose Streak 4 | Balance 3.00816452 Profit 0.05370315
[2020/11/07 04:00:53] Win Streak 3 Lose Streak 4 | Balance 3.05284763 Profit 0.05468311
[2020/11/07 04:01:26] Win Streak 3 Lose Streak 3 | Balance 3.12078755 Profit 0.07793992
[2020/11/07 04:02:07] Win Streak 3 Lose Streak 4 | Balance 3.27342258 Profit 0.12933503
[2020/11/07 04:02:40] Win Streak 3 Lose Streak 2 | Balance 3.34686108 Profit 0.0501385
[2020/11/07 04:03:15] Win Streak 5 Lose Streak 3 | Balance 3.38723109 Profit 0.05037001
[2020/11/07 04:03:46] Win Streak 2 Lose Streak 2 | Balance 3.42762707 Profit 0.05039598
[2020/11/07 04:04:19] Win Streak 3 Lose Streak 2 | Balance 3.50844052 Profit 0.05751345
[2020/11/07 04:04:54] Win Streak 2 Lose Streak 4 | Balance 3.58422362 Profit 0.0524831
[2020/11/07 04:05:26] Win Streak 3 Lose Streak 3 | Balance 3.62459635 Profit 0.05037273
[2020/11/07 04:05:59] Win Streak 4 Lose Streak 3 | Balance 3.66525571 Profit 0.05065936
[2020/11/07 04:06:32] Win Streak 3 Lose Streak 4 | Balance 3.71079929 Profit 0.05554358
[2020/11/07 04:07:09] Win Streak 4 Lose Streak 5 | Balance 3.75087101 Profit 0.05007172
[2020/11/07 04:07:41] Win Streak 5 Lose Streak 3 | Balance 3.79559279 Profit 0.05472178
[2020/11/07 04:08:15] Win Streak 3 Lose Streak 4 | Balance 3.83594194 Profit 0.05034915
[2020/11/07 04:08:57] Win Streak 4 Lose Streak 5 | Balance 3.88045873 Profit 0.05451679
[2020/11/07 04:09:30] Win Streak 2 Lose Streak 4 | Balance 3.93134708 Profit 0.06088835
[2020/11/07 04:10:00] Win Streak 3 Lose Streak 2 | Balance 3.9811547 Profit 0.05980762
[2020/11/07 04:10:32] Win Streak 2 Lose Streak 3 | Balance 4.0233171 Profit 0.0521624
[2020/11/07 04:11:03] Win Streak 2 Lose Streak 1 | Balance 4.0655081 Profit 0.052191
[2020/11/07 04:11:39] Win Streak 3 Lose Streak 3 | Balance 4.14143356 Profit 0.05262546
[2020/11/07 04:14:33] Win Streak 7 Lose Streak 13 | Balance 4.18322943 Profit 0.05179587
[2020/11/07 04:15:07] Win Streak 2 Lose Streak 3 | Balance 4.24207878 Profit 0.06884935
[2020/11/07 04:15:40] Win Streak 2 Lose Streak 4 | Balance 4.29926113 Profit 0.06718235
[2020/11/07 04:16:16] Win Streak 2 Lose Streak 4 | Balance 4.3394353 Profit 0.05017417
[2020/11/07 04:16:49] Win Streak 3 Lose Streak 3 | Balance 4.41700566 Profit 0.05427036
[2020/11/07 04:17:22] Win Streak 4 Lose Streak 3 | Balance 4.50029895 Profit 0.05999329
[2020/11/07 04:20:00] Win Streak 4 Lose Streak 5 | Balance 4.54496047 Profit 0.05466152
[2020/11/07 04:20:30] Win Streak 4 Lose Streak 1 | Balance 4.58840216 Profit 0.05344169
[2020/11/07 04:21:06] Win Streak 3 Lose Streak 5 | Balance 4.63259593 Profit 0.05419377
[2020/11/07 04:21:39] Win Streak 2 Lose Streak 3 | Balance 4.67554594 Profit 0.05295001
[2020/11/07 04:22:11] Win Streak 3 Lose Streak 2 | Balance 4.75227556 Profit 0.05342962
[2020/11/07 04:22:46] Win Streak 2 Lose Streak 4 | Balance 4.79576729 Profit 0.05349173
[2020/11/07 04:23:17] Win Streak 3 Lose Streak 1 | Balance 4.87454266 Profit 0.05547537
[2020/11/07 04:23:51] Win Streak 3 Lose Streak 3 | Balance 4.91670914 Profit 0.05216648
[2020/11/07 04:24:21] Win Streak 4 Lose Streak 2 | Balance 4.95965375 Profit 0.05294461
[2020/11/07 04:24:56] Win Streak 3 Lose Streak 3 | Balance 5.00202883 Profit 0.05237508
[2020/11/07 04:25:29] Win Streak 2 Lose Streak 3 | Balance 5.07049035 Profit 0.07846152
[2020/11/07 04:26:01] Win Streak 6 Lose Streak 3 | Balance 5.11331425 Profit 0.0528239
[2020/11/07 04:26:31] Win Streak 6 Lose Streak 0 | Balance 5.19870491 Profit 0.06209066
[2020/11/07 04:27:03] Win Streak 4 Lose Streak 1 | Balance 5.24737116 Profit 0.05866625
[2020/11/07 04:27:35] Win Streak 3 Lose Streak 3 | Balance 5.30133051 Profit 0.06395935
[2020/11/07 04:28:39] Win Streak 3 Lose Streak 1 | Balance 1.25323129 Profit 0.05773486
[2020/11/07 04:29:17] Win Streak 4 Lose Streak 7 | Balance 1.33665943 Profit 0.06012814
[2020/11/07 04:29:47] Win Streak 2 Lose Streak 1 | Balance 1.38215213 Profit 0.0554927
[2020/11/07 04:30:22] Win Streak 2 Lose Streak 4 | Balance 1.45760677 Profit 0.05215464
[2020/11/07 04:30:53] Win Streak 3 Lose Streak 2 | Balance 1.53712335 Profit 0.05621658
[2020/11/07 04:31:29] Win Streak 4 Lose Streak 3 | Balance 1.58207738 Profit 0.05495403
[2020/11/07 04:32:03] Win Streak 5 Lose Streak 4 | Balance 1.66674468 Profit 0.0613673
[2020/11/07 04:33:08] Win Streak 3 Lose Streak 2 | Balance 0.51009846 Profit 0.05270577
[2020/11/07 07:10:13] Win Streak 5 Lose Streak 9 | Balance 20.42263871 Profit 0.41568829
Withdraw 5.00000000
[2020/11/07 10:21:06] Win Streak 1 Lose Streak 0 | Balance 59.40451366 Profit 0.00028354
[2020/11/07 10:22:43] Win Streak 2 Lose Streak 6 | Balance 10.01115472 Profit 0.00215942
[2020/11/07 10:23:32] Win Streak 3 Lose Streak 2 | Balance 10.01286337 Profit 0.00210865
[2020/11/07 10:24:10] Win Streak 4 Lose Streak 1 | Balance 10.01467215 Profit 0.00220878
[2020/11/07 10:25:05] Win Streak 3 Lose Streak 5 | Balance 10.01823427 Profit 0.00396212
[2020/11/07 10:25:56] Win Streak 4 Lose Streak 3 | Balance 10.0207754 Profit 0.00294113
[2020/11/07 10:26:35] Win Streak 4 Lose Streak 1 | Balance 10.02396352 Profit 0.00225612
[2020/11/07 10:27:32] Win Streak 3 Lose Streak 2 | Balance 10.02742644 Profit 0.00253092
[2020/11/07 10:28:30] Win Streak 3 Lose Streak 4 | Balance 10.03057813 Profit 0.00221969
[2020/11/07 10:29:18] Win Streak 2 Lose Streak 4 | Balance 10.0332207 Profit 0.00304257
[2020/11/07 10:29:54] Win Streak 4 Lose Streak 2 | Balance 10.03631677 Profit 0.00216407
[2020/11/07 10:45:59] Win Streak 6 Lose Streak 11 | Balance 10.08491192 Profit 0.04899515
[2020/11/07 10:52:57] Win Streak 46 Lose Streak 1 | Balance 10.08545765 Profit 0.0001805
Withdraw 5.00000000
[2020/11/08 15:37:41] Win Streak 1 Lose Streak 0 | Balance 244.69636889 Profit 0.00051578
[2020/11/08 15:39:40] Win Streak 75 Lose Streak 2 | Balance 239.85100627 Profit 0.1541216
[2020/11/08 16:02:45] Win Streak 94 Lose Streak 2 | Balance 25.91675028 Profit 0.06517666
[2020/11/10 15:18:20] Win Streak 15 Lose Streak 2 | Balance 10.90234072 Profit 0.00026764
[2020/11/12 22:42:57] Win Streak 0 Lose Streak 1 | Balance 153.91385226 Profit -4.068e-05
[2020/11/12 22:45:24] Win Streak 2 Lose Streak 11 | Balance 11.23911674 Profit 2.516e-05
[2020/11/12 22:46:02] Win Streak 0 Lose Streak 0 | Balance 11.23912153 Profit 0.0
[2020/11/12 22:46:59] Win Streak 0 Lose Streak 0 | Balance 11.2391221 Profit 0.0
[2020/11/12 22:52:57] Win Streak 3 Lose Streak 10 | Balance 11.2393037 Profit 0.00018333
